<testsuites name="jest tests" tests="1" failures="0" time="0.817">
  <testsuite name="State chart" errors="0" failures="0" skipped="0" timestamp="2018-05-15T11:54:27" time="0.817" tests="1">
    <testcase classname="State chart should test lightMachine in all possible states" name="State chart should test lightMachine in all possible states" time="0.009">
    </testcase>
  </testsuite>
</testsuites>